<?xml version="1.0" encoding="UTF-8"?>
<testng-results skipped="0" failed="0" ignored="1" total="5" passed="4">
  <reporter-output>
  </reporter-output>
  <suite name="TestNG Ant Task" duration-ms="33730" started-at="2018-01-15T06:52:50Z" finished-at="2018-01-15T06:53:24Z">
    <groups>
    </groups>
    <test name="Regression Testing of TSN  Websites" duration-ms="33730" started-at="2018-01-15T06:52:50Z" finished-at="2018-01-15T06:53:24Z">
      <class name="com.Webpower.Webpower.XSLT">
        <test-method status="PASS" signature="Request_A_QUOTE__Size_FLOW(java.lang.String, java.lang.String)[pri:1, instance:com.Webpower.Webpower.XSLT@7907ec20]" name="Request_A_QUOTE__Size_FLOW" duration-ms="17430" started-at="2018-01-15T12:22:50Z" data-provider="TSN_Website" finished-at="2018-01-15T12:23:08Z">
          <params>
            <param index="0">
              <value>
                <![CDATA[firefox]]>
              </value>
            </param>
            <param index="1">
              <value>
                <![CDATA[https://acorntire.com/]]>
              </value>
            </param>
          </params>
          <reporter-output>
          </reporter-output>
        </test-method> <!-- Request_A_QUOTE__Size_FLOW -->
        <test-method status="PASS" signature="Request_A_QUOTE__Size_FLOW(java.lang.String, java.lang.String)[pri:1, instance:com.Webpower.Webpower.XSLT@7907ec20]" name="Request_A_QUOTE__Size_FLOW" duration-ms="4069" started-at="2018-01-15T12:23:08Z" data-provider="TSN_Website" finished-at="2018-01-15T12:23:12Z">
          <params>
            <param index="0">
              <value>
                <![CDATA[firefox]]>
              </value>
            </param>
            <param index="1">
              <value>
                <![CDATA[http://brookshuff.com/]]>
              </value>
            </param>
          </params>
          <reporter-output>
          </reporter-output>
        </test-method> <!-- Request_A_QUOTE__Size_FLOW -->
        <test-method status="PASS" signature="Request_A_QUOTE__Size_FLOW(java.lang.String, java.lang.String)[pri:1, instance:com.Webpower.Webpower.XSLT@7907ec20]" name="Request_A_QUOTE__Size_FLOW" duration-ms="5322" started-at="2018-01-15T12:23:12Z" data-provider="TSN_Website" finished-at="2018-01-15T12:23:17Z">
          <params>
            <param index="0">
              <value>
                <![CDATA[firefox]]>
              </value>
            </param>
            <param index="1">
              <value>
                <![CDATA[https://bealetireinc.com/]]>
              </value>
            </param>
          </params>
          <reporter-output>
          </reporter-output>
        </test-method> <!-- Request_A_QUOTE__Size_FLOW -->
        <test-method status="PASS" signature="Request_A_QUOTE__Size_FLOW(java.lang.String, java.lang.String)[pri:1, instance:com.Webpower.Webpower.XSLT@7907ec20]" name="Request_A_QUOTE__Size_FLOW" duration-ms="6890" started-at="2018-01-15T12:23:17Z" data-provider="TSN_Website" finished-at="2018-01-15T12:23:24Z">
          <params>
            <param index="0">
              <value>
                <![CDATA[firefox]]>
              </value>
            </param>
            <param index="1">
              <value>
                <![CDATA[https://granburytire.com/]]>
              </value>
            </param>
          </params>
          <reporter-output>
          </reporter-output>
        </test-method> <!-- Request_A_QUOTE__Size_FLOW -->
      </class> <!-- com.Webpower.Webpower.XSLT -->
    </test> <!-- Regression Testing of TSN  Websites -->
  </suite> <!-- TestNG Ant Task -->
</testng-results>
