<?xml version="1.0" encoding="UTF-8"?>
<!-- Generated by org.testng.reporters.JUnitXMLReporter -->
<testsuite hostname="HRL-UPADHYA-W10" ignored="1" name="Regression Testing of TSN  Websites" tests="4" failures="0" timestamp="15 Jan 2018 06:53:24 GMT" time="33.73" errors="0">
  <testcase name="Request_A_QUOTE__Size_FLOW" time="17.43" classname="com.Webpower.Webpower.XSLT"/>
  <testcase name="Request_A_QUOTE__Size_FLOW" time="4.069" classname="com.Webpower.Webpower.XSLT"/>
  <testcase name="Request_A_QUOTE__Size_FLOW" time="5.322" classname="com.Webpower.Webpower.XSLT"/>
  <testcase name="Request_A_QUOTE__Size_FLOW" time="6.89" classname="com.Webpower.Webpower.XSLT"/>
  <testcase name="Request_A_QUOTE__Vechicle_FLOW" time="0.0" classname="com.Webpower.Webpower.XSLT">
    <ignored/>
  </testcase> <!-- Request_A_QUOTE__Vechicle_FLOW -->
</testsuite> <!-- Regression Testing of TSN  Websites -->
